2018-04-02 16:13:19.4976 INFO Entering Controller: User:Login
2018-04-02 16:13:19.5508 INFO Exiting Controller: User:Login
2018-04-02 20:58:07.3509 INFO Entering Controller: User:Register
2018-04-02 20:58:07.4049 INFO Exiting Controller: User:Register
2018-04-02 20:58:34.8958 INFO Entering Controller: User:RegisterUser
2018-04-02 20:58:34.9058 INFO Entering UserController.RegisterUser()
2018-04-02 20:58:34.9220 INFO Parameters are: {"Firstname":"Trevor","Lastname":"Moore","Sex":"Male","Age":20,"State":"Male","Email":"trevkvkvv","Username":"trev","Password":"trev"}
2018-04-02 20:58:34.9678 INFO Exiting UserController.RegisterUser() with attempt to register duplicate user
2018-04-02 20:58:34.9678 INFO Exiting Controller: User:RegisterUser
2018-04-02 20:58:38.0983 INFO Entering Controller: User:Register
2018-04-02 20:58:38.1302 INFO Exiting Controller: User:Register
2018-04-02 20:58:55.7351 INFO Entering Controller: User:RegisterUser
2018-04-02 20:58:55.7502 INFO Entering UserController.RegisterUser()
2018-04-02 20:58:55.7656 INFO Parameters are: {"Firstname":"Jack","Lastname":"Martin","Sex":"Male","Age":20,"State":"ASDFS","Email":"akldjkfalksdf","Username":"jack","Password":"jack"}
2018-04-02 20:58:55.9193 ERROR Exception UserController.RegisterUser()
2018-04-02 20:58:55.9193 INFO Exiting Controller: User:RegisterUser
2018-04-02 20:58:58.3222 INFO Entering Controller: User:Register
2018-04-02 20:58:58.3413 INFO Exiting Controller: User:Register
2018-04-02 21:00:53.9854 INFO Entering Controller: User:Register
2018-04-02 21:00:54.0496 INFO Exiting Controller: User:Register
2018-04-02 21:01:12.0029 INFO Entering Controller: User:RegisterUser
2018-04-02 21:01:12.0029 INFO Entering UserController.RegisterUser()
2018-04-02 21:01:12.0359 INFO Parameters are: {"Firstname":"Will","Lastname":"Moore","Sex":"Male","Age":20,"State":"masdfm","Email":"adsfasf","Username":"will","Password":"will"}
2018-04-02 21:01:49.8715 ERROR Exception UserController.RegisterUser()
2018-04-02 21:01:55.6961 INFO Exiting Controller: User:RegisterUser
2018-04-02 21:02:39.8090 INFO Entering Controller: User:Register
2018-04-02 21:02:39.8830 INFO Exiting Controller: User:Register
2018-04-02 21:02:56.4486 INFO Entering Controller: User:RegisterUser
2018-04-02 21:02:56.4707 INFO Entering UserController.RegisterUser()
2018-04-02 21:02:56.4842 INFO Parameters are: {"Firstname":"Scott","Lastname":"Martin","Sex":"Male","Age":20,"State":"asdfaf","Email":"afasdf","Username":"Scott","Password":"Scott"}
2018-04-02 21:02:56.6311 ERROR Exception UserController.RegisterUser()
2018-04-02 21:02:56.6411 INFO Exiting Controller: User:RegisterUser
2018-04-02 21:11:21.2231 INFO Entering Controller: User:Register
2018-04-02 21:11:21.2953 INFO Exiting Controller: User:Register
2018-04-02 21:11:36.0364 INFO Entering Controller: User:RegisterUser
2018-04-02 21:11:36.0454 INFO Entering UserController.RegisterUser()
2018-04-02 21:11:36.0599 INFO Parameters are: {"Firstname":"Lisa","Lastname":"Mooew","Sex":"LDKsl","Age":20,"State":"alkdf","Email":"adf","Username":"lisa","Password":"lisa"}
2018-04-02 21:11:36.0599 INFO Exiting Controller: User:RegisterUser
2018-04-02 21:11:41.7855 INFO Entering Controller: User:RegisterUser
2018-04-02 21:11:41.8005 INFO Entering UserController.RegisterUser()
2018-04-02 21:11:41.8146 INFO Parameters are: {"Firstname":"Lisa","Lastname":"Mooew","Sex":"LDKsl","Age":20,"State":"alkdf","Email":"adfjjjj","Username":"lisa","Password":"lisa"}
2018-04-02 21:11:41.9934 ERROR Exception UserController.RegisterUser()
2018-04-02 21:11:41.9983 INFO Exiting Controller: User:RegisterUser
2018-04-02 21:11:44.1063 INFO Entering Controller: User:Register
2018-04-02 21:11:44.1446 INFO Exiting Controller: User:Register
2018-04-02 21:12:52.8447 INFO Entering Controller: User:Register
2018-04-02 21:12:52.9627 INFO Exiting Controller: User:Register
2018-04-02 21:13:01.6536 INFO Entering Controller: User:RegisterUser
2018-04-02 21:13:01.6536 INFO Entering UserController.RegisterUser()
2018-04-02 21:13:01.6827 INFO Parameters are: {"Firstname":"Trevor","Lastname":null,"Sex":null,"Age":0,"State":null,"Email":null,"Username":"trev","Password":"trev"}
2018-04-02 21:13:01.6907 INFO Exiting Controller: User:RegisterUser
2018-04-02 21:13:17.8985 INFO Entering Controller: User:RegisterUser
2018-04-02 21:13:17.9135 INFO Entering UserController.RegisterUser()
2018-04-02 21:13:17.9195 INFO Parameters are: {"Firstname":"Trevor","Lastname":"Moore","Sex":"Male","Age":23,"State":"adfas","Email":"asdfasdf","Username":"good","Password":"good"}
2018-04-02 21:13:18.0301 ERROR Exception UserController.RegisterUser()
2018-04-02 21:13:18.0301 INFO Exiting Controller: User:RegisterUser
2018-04-02 21:15:32.5286 INFO Entering Controller: User:Register
2018-04-02 21:15:32.5867 INFO Exiting Controller: User:Register
2018-04-02 21:15:48.7370 INFO Entering Controller: User:RegisterUser
2018-04-02 21:15:48.7475 INFO Entering UserController.RegisterUser()
2018-04-02 21:15:48.7645 INFO Parameters are: {"Firstname":"Good","Lastname":"Good","Sex":"doood","Age":34,"State":"asdfasdf","Email":"asdfasdf","Username":"hood","Password":"hood"}
2018-04-02 21:15:48.9495 ERROR Exception UserController.RegisterUser()
2018-04-02 21:15:48.9495 INFO Exiting Controller: User:RegisterUser
2018-04-02 21:15:51.6386 INFO Entering Controller: User:Register
2018-04-02 21:15:51.6976 INFO Exiting Controller: User:Register
2018-04-02 21:24:24.3306 INFO Entering Controller: User:Register
2018-04-02 21:24:24.3857 INFO Exiting Controller: User:Register
2018-04-02 21:24:47.0826 INFO Entering Controller: User:RegisterUser
2018-04-02 21:24:47.1002 INFO Entering UserController.RegisterUser()
2018-04-02 21:24:47.1192 INFO Parameters are: {"Firstname":"Redder","Lastname":"goooby","Sex":"Male","Age":30,"State":"Asdifj","Email":"asdfasf","Username":"ruck","Password":"ruck"}
2018-04-02 21:24:47.2188 ERROR Exception UserController.RegisterUser()
2018-04-02 21:24:47.2188 INFO Exiting Controller: User:RegisterUser
2018-04-02 21:24:49.2492 INFO Entering Controller: User:Register
2018-04-02 21:24:49.2853 INFO Exiting Controller: User:Register
2018-04-02 21:31:11.5332 INFO Entering Controller: User:Register
2018-04-02 21:31:11.5882 INFO Exiting Controller: User:Register
2018-04-02 21:31:30.0667 INFO Entering Controller: User:RegisterUser
2018-04-02 21:31:30.0817 INFO Entering UserController.RegisterUser()
2018-04-02 21:31:30.0957 INFO Parameters are: {"Firstname":"roodle","Lastname":"doodle","Sex":"doooo","Age":34,"State":"adfasfd","Email":"asdfasf","Username":"doodle","Password":"doodle"}
2018-04-02 21:31:30.1897 ERROR Exception UserController.RegisterUser()
2018-04-02 21:31:30.1897 INFO Exiting Controller: User:RegisterUser
2018-04-02 21:31:32.4827 INFO Entering Controller: User:Register
2018-04-02 21:31:32.4967 INFO Exiting Controller: User:Register
2018-04-02 21:49:47.5993 INFO Entering Controller: User:Register
2018-04-02 21:49:47.6514 INFO Exiting Controller: User:Register
2018-04-02 21:50:02.7697 INFO Entering Controller: User:RegisterUser
2018-04-02 21:50:02.7892 INFO Entering UserController.RegisterUser()
2018-04-02 21:50:02.8022 INFO Parameters are: {"Firstname":"Trevor","Lastname":"Moore","Sex":"lskdfg","Age":34,"State":"afgsdfg","Email":"fsgsfg","Username":"hoof","Password":"hoof"}
2018-04-02 21:50:02.9236 ERROR Exception UserController.RegisterUser()
2018-04-02 21:50:02.9236 INFO Exiting Controller: User:RegisterUser
2018-04-02 21:50:04.5890 INFO Entering Controller: User:Register
2018-04-02 21:50:04.6112 INFO Exiting Controller: User:Register
2018-04-02 21:53:40.9063 INFO Entering Controller: User:Register
2018-04-02 21:53:40.9715 INFO Exiting Controller: User:Register
2018-04-02 21:53:56.1659 INFO Entering Controller: User:RegisterUser
2018-04-02 21:53:56.1831 INFO Entering UserController.RegisterUser()
2018-04-02 21:53:56.2031 INFO Parameters are: {"Firstname":"Trevor","Lastname":"Moore","Sex":"Male","Age":20,"State":"asadf","Email":"asdfasf","Username":"trev","Password":"trev"}
2018-04-02 22:01:02.2689 INFO Entering Controller: User:Register
2018-04-02 22:01:02.3210 INFO Exiting Controller: User:Register
2018-04-02 22:01:19.2849 INFO Entering Controller: User:RegisterUser
2018-04-02 22:01:19.3064 INFO Entering UserController.RegisterUser()
2018-04-02 22:01:19.3335 INFO Parameters are: {"Firstname":"Jack","Lastname":"Black","Sex":"Male","Age":78,"State":"Arizona","Email":"asdfasdf","Username":"jack","Password":"jack"}
2018-04-02 22:01:19.4388 ERROR Exception UserController.RegisterUser()
2018-04-02 22:01:19.4388 INFO Exiting Controller: User:RegisterUser
2018-04-02 22:01:21.2017 INFO Entering Controller: User:Register
2018-04-02 22:01:21.2697 INFO Exiting Controller: User:Register
2018-04-02 22:13:32.8098 INFO Entering Controller: User:Register
2018-04-02 22:13:32.8678 INFO Exiting Controller: User:Register
2018-04-02 22:13:51.1331 INFO Entering Controller: User:RegisterUser
2018-04-02 22:13:51.1511 INFO Entering UserController.RegisterUser()
2018-04-02 22:13:51.1702 INFO Parameters are: {"Firstname":"Lisa","Lastname":"Moore","Sex":"Female","Age":45,"State":"Arizona","Email":"asdfasdf","Username":"lisa","Password":"lisa"}
2018-04-02 22:13:51.2970 ERROR Exception UserController.RegisterUser()
2018-04-02 22:13:51.2970 INFO Exiting Controller: User:RegisterUser
2018-04-02 22:13:53.4821 INFO Entering Controller: User:Register
2018-04-02 22:13:53.4992 INFO Exiting Controller: User:Register
2018-04-02 22:16:23.0790 INFO Entering Controller: User:Register
2018-04-02 22:16:23.1331 INFO Exiting Controller: User:Register
2018-04-02 22:16:42.2447 INFO Entering Controller: User:RegisterUser
2018-04-02 22:16:42.2587 INFO Entering UserController.RegisterUser()
2018-04-02 22:16:42.2800 INFO Parameters are: {"Firstname":"dfghj","Lastname":"fghjk","Sex":"tghjk","Age":78,"State":"bnmjjj","Email":"lhjkhlhk","Username":"tyler","Password":"tyler"}
2018-04-02 22:16:42.3528 INFO Exiting UserController.RegisterUser() with register success
2018-04-02 22:16:42.3598 INFO Exiting Controller: User:RegisterUser
2018-04-02 22:16:54.3134 INFO Entering Controller: User:Register
2018-04-02 22:16:54.3264 INFO Exiting Controller: User:Register
2018-04-02 22:25:24.6781 INFO Entering Controller: User:Register
2018-04-02 22:25:24.7583 INFO Exiting Controller: User:Register
2018-04-02 22:25:48.8202 INFO Entering Controller: User:RegisterUser
2018-04-02 22:25:48.8292 INFO Entering UserController.RegisterUser()
2018-04-02 22:25:48.8699 INFO Parameters are: {"Firstname":"Tyler","Lastname":"Moore","Sex":"asdf","Age":34,"State":"sdasdf","Email":"asdfasdf","Username":"gooo","Password":"gooo"}
2018-04-02 22:25:48.9948 ERROR Exception UserController.RegisterUser()
2018-04-02 22:25:49.0038 INFO Exiting Controller: User:RegisterUser
2018-04-02 22:25:51.3901 INFO Entering Controller: User:Register
2018-04-02 22:25:51.4195 INFO Exiting Controller: User:Register
2018-04-02 22:28:45.9365 INFO Entering Controller: User:Register
2018-04-02 22:28:46.0147 INFO Exiting Controller: User:Register
2018-04-02 22:29:00.8628 INFO Entering Controller: User:RegisterUser
2018-04-02 22:29:00.8783 INFO Entering UserController.RegisterUser()
2018-04-02 22:29:00.8994 INFO Parameters are: {"Firstname":"ghjghj","Lastname":"ghjgj","Sex":"hghj","Age":56,"State":"hjkjhkj","Email":"hjkhkjh","Username":"yooo","Password":"yooo"}
2018-04-02 22:29:00.9962 ERROR Exception UserController.RegisterUser()
2018-04-02 22:29:00.9962 INFO Exiting Controller: User:RegisterUser
2018-04-02 22:29:04.0372 INFO Entering Controller: User:Register
2018-04-02 22:29:04.0767 INFO Exiting Controller: User:Register
2018-04-02 22:30:50.1934 INFO Entering Controller: User:Register
2018-04-02 22:30:50.2525 INFO Exiting Controller: User:Register
2018-04-02 22:31:04.6902 INFO Entering Controller: User:RegisterUser
2018-04-02 22:31:04.6992 INFO Entering UserController.RegisterUser()
2018-04-02 22:31:04.7233 INFO Parameters are: {"Firstname":"fghjk","Lastname":"ghjkl","Sex":"jkhg","Age":67,"State":"jhgkkjhg","Email":"kjghkjhg","Username":"tool","Password":"tool"}
2018-04-02 22:31:04.8516 ERROR Exception UserController.RegisterUser()
2018-04-02 22:31:04.8606 INFO Exiting Controller: User:RegisterUser
2018-04-02 22:31:06.6900 INFO Entering Controller: User:Register
2018-04-02 22:31:06.7100 INFO Exiting Controller: User:Register
2018-04-02 22:36:23.5714 INFO Entering Controller: User:Register
2018-04-02 22:36:23.6235 INFO Exiting Controller: User:Register
2018-04-02 22:36:38.4334 INFO Entering Controller: User:RegisterUser
2018-04-02 22:36:38.4334 INFO Entering UserController.RegisterUser()
2018-04-02 22:36:38.4686 INFO Parameters are: {"Firstname":"asldkjfh","Lastname":"alksjdfh","Sex":"akjds","Age":45,"State":"alkjsdfh","Email":"alkjsdhf","Username":"yoyo","Password":"yoyo"}
2018-04-02 22:36:38.5822 INFO Exiting UserController.RegisterUser() with register success
2018-04-02 22:36:38.5822 INFO Exiting Controller: User:RegisterUser
2018-04-02 22:50:56.5687 INFO Entering Controller: User:Register
2018-04-02 22:50:56.6118 INFO Exiting Controller: User:Register
2018-04-02 22:51:25.0557 INFO Entering Controller: User:RegisterUser
2018-04-02 22:51:25.0745 INFO Entering UserController.RegisterUser()
2018-04-02 22:51:25.0908 INFO Parameters are: {"Firstname":"Trevor","Lastname":"Moore","Sex":"Male","Age":20,"State":"Arizona","Email":"trevomoo@gmail.com","Username":"trev","Password":"trev"}
2018-04-02 22:51:25.1683 INFO Exiting UserController.RegisterUser() with register success
2018-04-02 22:51:25.1683 INFO Exiting Controller: User:RegisterUser
2018-04-02 22:51:27.5736 INFO Entering Controller: User:LoginUser
2018-04-02 22:51:27.6007 INFO Entering UserController.LoginUser()
2018-04-02 22:51:27.6308 INFO Parameters are: {"Username":"trev","Password":"trev"}
2018-04-02 22:51:27.6609 INFO Exiting UserController.LoginUser() with login passed
2018-04-02 22:51:27.6709 INFO Exiting Controller: User:LoginUser
2018-04-02 22:51:48.4837 INFO Entering Controller: User:LoginUser
2018-04-02 22:51:48.5198 INFO Entering UserController.LoginUser()
2018-04-02 22:51:48.5409 INFO Parameters are: {"Username":"trev","Password":"trev"}
2018-04-02 22:51:48.5594 INFO Exiting UserController.LoginUser() with login passed
2018-04-02 22:51:48.5594 INFO Exiting Controller: User:LoginUser
2018-04-02 22:52:42.0593 INFO Entering Controller: User:LoginUser
2018-04-02 22:52:42.1144 INFO Entering UserController.LoginUser()
2018-04-02 22:52:42.1349 INFO Parameters are: {"Username":"trev","Password":"trev"}
2018-04-02 22:52:42.1569 INFO Exiting UserController.LoginUser() with login passed
2018-04-02 22:52:42.1569 INFO Exiting Controller: User:LoginUser
2018-04-02 22:52:49.3671 INFO Entering Controller: User:LoginUser
2018-04-02 22:52:49.3791 INFO Entering UserController.LoginUser()
2018-04-02 22:52:49.3791 INFO Parameters are: {"Username":"tyler","Password":"tyler"}
2018-04-02 22:52:49.4154 INFO Exiting UserController.LoginUser() with login passed
2018-04-02 22:52:49.4227 INFO Exiting Controller: User:LoginUser
2018-04-02 22:53:02.9774 INFO Entering Controller: User:LoginUser
2018-04-02 22:53:03.0214 INFO Entering UserController.LoginUser()
2018-04-02 22:53:03.0528 INFO Parameters are: {"Username":"tyler","Password":"tyler"}
2018-04-02 22:53:03.1026 INFO Exiting UserController.LoginUser() with login passed
2018-04-02 22:53:03.1236 INFO Exiting Controller: User:LoginUser
2018-04-02 22:53:14.4535 INFO Entering Controller: User:LoginUser
2018-04-02 22:53:14.4976 INFO Entering UserController.LoginUser()
2018-04-02 22:53:14.5156 INFO Parameters are: {"Username":"yoyo","Password":"yoyo"}
2018-04-02 22:53:14.5839 INFO Exiting UserController.LoginUser() with login passed
2018-04-02 22:53:14.6130 INFO Exiting Controller: User:LoginUser
2018-04-02 22:53:23.8840 INFO Entering Controller: User:LoginUser
2018-04-02 22:53:23.8990 INFO Entering UserController.LoginUser()
2018-04-02 22:53:23.9123 INFO Parameters are: {"Username":"yoyo","Password":"yoyo"}
2018-04-02 22:53:23.9381 INFO Exiting UserController.LoginUser() with login passed
2018-04-02 22:53:23.9503 INFO Exiting Controller: User:LoginUser
2018-04-02 22:53:32.5207 INFO Entering Controller: User:LoginUser
2018-04-02 22:53:32.5488 INFO Entering UserController.LoginUser()
2018-04-02 22:53:32.5628 INFO Parameters are: {"Username":"trev","Password":"trev"}
2018-04-02 22:53:32.5877 INFO Exiting UserController.LoginUser() with login passed
2018-04-02 22:53:32.6102 INFO Exiting Controller: User:LoginUser
2018-04-02 23:03:54.5521 INFO Entering Controller: User:Register
2018-04-02 23:03:54.5952 INFO Exiting Controller: User:Register
2018-04-02 23:03:59.8864 INFO Entering Controller: User:Login
2018-04-02 23:03:59.9074 INFO Exiting Controller: User:Login
2018-04-02 23:04:01.7595 INFO Entering Controller: User:Register
2018-04-02 23:04:01.7755 INFO Exiting Controller: User:Register
2018-04-02 23:04:03.5685 INFO Entering Controller: User:Login
2018-04-02 23:04:03.6231 INFO Exiting Controller: User:Login
2018-04-02 23:04:05.1614 INFO Entering Controller: User:LoginUser
2018-04-02 23:04:05.1733 INFO Entering UserController.LoginUser()
2018-04-02 23:04:05.1893 INFO Parameters are: {"Username":"trev","Password":"trev"}
2018-04-02 23:04:05.2348 INFO Exiting UserController.LoginUser() with login passed
2018-04-02 23:04:05.2459 INFO Exiting Controller: User:LoginUser
2018-04-02 23:04:42.7041 INFO Entering Controller: User:Login
2018-04-02 23:04:42.7341 INFO Exiting Controller: User:Login
2018-04-02 23:04:53.3906 INFO Entering Controller: User:Login
2018-04-02 23:04:53.4046 INFO Exiting Controller: User:Login
